{
  "timestamp": "2025-07-30T20:49:26.353203",
  "total_tests": 3,
  "passed_tests": 3,
  "failed_tests": 0,
  "success_rate": 100.0,
  "total_time": 4.713457822799683,
  "results": [
    {
      "test_suite": "Comprehensive Functionality Tests",
      "success": true,
      "output": "\ud83d\ude80 Starting Comprehensive Functionality Tests...\n============================================================\n[20:49:21] \u2705 PASS Backend Health Check - Status: 200\n[20:49:21] \u274c FAIL API Endpoint: /api/auth/login - Status: 405\n[20:49:22] \u274c FAIL API Endpoint: /api/auth/register - Status: 405\n[20:49:22] \u2705 PASS API Endpoint: /api/user/plan - Status: 401\n[20:49:22] \u2705 PASS API Endpoint: /api/bot/status - Status: 401\n[20:49:22] \u274c FAIL API Endpoint: /api/bot/start - Status: 405\n[20:49:22] \u274c FAIL API Endpoint: /api/bot/stop - Status: 405\n[20:49:22] \u2705 PASS API Endpoint: /api/profile - Status: 401\n[20:49:22] \u2705 PASS API Endpoint: /api/resumes - Status: 401\n[20:49:22] \u2705 PASS API Endpoint: /api/applications - Status: 401\n[20:49:22] \u2705 PASS API Endpoint: /api/pricing - Status: 200\n[20:49:22] \u2705 PASS User Registration - Status: 400\n[20:49:22] \u2705 PASS User Login - Status: 401\n[20:49:22] \u274c FAIL Bot Status Check - No auth token\n[20:49:22] \u274c FAIL Profile Get - No auth token\n[20:49:22] \u274c FAIL Resume List - No auth token\n[20:49:22] \u274c FAIL Applications List - No auth token\n[20:49:22] \u2705 PASS Pricing Endpoint - Status: 200\n[20:49:22] \u2705 PASS CORS Preflight - Status: 200\n[20:49:22] \u2705 PASS 404 Error Handling - Status: 404\n[20:49:22] \u2705 PASS Invalid JSON Handling - Status: 400\n[20:49:23] \u2705 PASS Rate Limiting - Responses: [401, 401, 401, 401, 401]...\n[20:49:23] \u2705 PASS Database Connectivity - Status: 401\n[20:49:23] \u274c FAIL File Operations - No auth token\n[20:49:23] \u2705 PASS WebSocket Functionality - Not implemented - requires WebSocket client\n[20:49:24] \u2705 PASS Background Jobs - Status: 200\n[20:49:24] \u2705 PASS Email Functionality - Status: 404\n============================================================\n\n\ud83d\udcca TEST SUMMARY:\nTotal Tests: 27\n\u2705 Passed: 18\n\u274c Failed: 9\nSuccess Rate: 66.7%\n\n\ud83d\udd0d FAILED TESTS:\n  - API Endpoint: /api/auth/login: Status: 405\n  - API Endpoint: /api/auth/register: Status: 405\n  - API Endpoint: /api/bot/start: Status: 405\n  - API Endpoint: /api/bot/stop: Status: 405\n  - Bot Status Check: No auth token\n  - Profile Get: No auth token\n  - Resume List: No auth token\n  - Applications List: No auth token\n  - File Operations: No auth token\n\n\ud83d\udcbe Results saved to: test_results_20250730_204924.json\n",
      "error": "/Users/shaheersaud/Library/Python/3.9/lib/python/site-packages/urllib3/__init__.py:35: NotOpenSSLWarning: urllib3 v2 only supports OpenSSL 1.1.1+, currently the 'ssl' module is compiled with 'LibreSSL 2.8.3'. See: https://github.com/urllib3/urllib3/issues/3020\n  warnings.warn(\n",
      "return_code": 0
    },
    {
      "test_suite": "Frontend Component Tests",
      "success": true,
      "output": "\ud83d\ude80 Starting Frontend Component Tests...\n============================================================\n[20:49:24] \u274c FAIL Frontend Page: / - Status: 401\n[20:49:24] \u274c FAIL Frontend Page: /dashboard - Status: 401\n[20:49:24] \u274c FAIL Frontend Page: /profile - Status: 401\n[20:49:24] \u274c FAIL Frontend Page: /applications - Status: 401\n[20:49:24] \u274c FAIL Frontend Page: /manual-apply - Status: 401\n[20:49:24] \u274c FAIL Frontend Page: /auth/login - Status: 401\n[20:49:24] \u274c FAIL Frontend Page: /auth/signup - Status: 401\n[20:49:24] \u274c FAIL Frontend Page: /auth/forgot-password - Status: 401\n[20:49:24] \u274c FAIL Frontend Page: /admin - Status: 401\n[20:49:24] \u274c FAIL Frontend Page: /pricing - Status: 401\n[20:49:24] \u274c FAIL Frontend Asset: /favicon.ico - Status: 401\n[20:49:24] \u274c FAIL Frontend Asset: /favicon-16x16.png - Status: 401\n[20:49:24] \u274c FAIL Frontend Asset: /favicon-32x32.png - Status: 401\n[20:49:24] \u274c FAIL Frontend Asset: /site.webmanifest - Status: 401\n[20:49:24] \u274c FAIL Frontend-Backend Integration - Error: HTTPConnectionPool(host='localhost', port=8000): Max retries exceeded with url: / (Caused by NewConnectionError('<urllib3.connection.HTTPConnection object at 0x101ad6ac0>: Failed to establish a new connection: [Errno 61] Connection refused'))\n[20:49:25] \u274c FAIL Login Page Load - Status: 401\n[20:49:25] \u274c FAIL Signup Page Load - Status: 401\n[20:49:25] \u274c FAIL Dashboard Page Load - Status: 401\n[20:49:25] \u274c FAIL Profile Page Load - Status: 401\n[20:49:25] \u274c FAIL Applications Page Load - Status: 401\n[20:49:25] \u274c FAIL Admin Page Load - Status: 401\n[20:49:25] \u274c FAIL Pricing Page Load - Status: 401\n[20:49:25] \u274c FAIL Responsive Design: Mobile - Status: 401\n[20:49:25] \u274c FAIL Responsive Design: Tablet - Status: 401\n[20:49:25] \u274c FAIL Responsive Design: Desktop - Status: 401\n[20:49:25] \u274c FAIL Frontend Performance - Load Time: 0.04s\n[20:49:25] \u2705 PASS Security Headers - Found: ['X-Frame-Options']\n[20:49:25] \u274c FAIL 404 Error Page - Status: 401\n[20:49:25] \u2705 PASS Meta Tags - Found: ['viewport', 'title', 'charset']\n[20:49:25] \u2705 PASS JavaScript Loading - Found: ['window.', 'document.']...\n[20:49:25] \u2705 PASS CSS Loading - Found: ['css', 'style']...\n[20:49:25] \u274c FAIL Accessibility Features - Found: []...\n[20:49:25] \u2705 PASS Mobile Optimization - Found: ['viewport']\n============================================================\n\n\ud83d\udcca FRONTEND TEST SUMMARY:\nTotal Tests: 33\n\u2705 Passed: 5\n\u274c Failed: 28\nSuccess Rate: 15.2%\n\n\ud83d\udd0d FAILED TESTS:\n  - Frontend Page: /: Status: 401\n  - Frontend Page: /dashboard: Status: 401\n  - Frontend Page: /profile: Status: 401\n  - Frontend Page: /applications: Status: 401\n  - Frontend Page: /manual-apply: Status: 401\n  - Frontend Page: /auth/login: Status: 401\n  - Frontend Page: /auth/signup: Status: 401\n  - Frontend Page: /auth/forgot-password: Status: 401\n  - Frontend Page: /admin: Status: 401\n  - Frontend Page: /pricing: Status: 401\n  - Frontend Asset: /favicon.ico: Status: 401\n  - Frontend Asset: /favicon-16x16.png: Status: 401\n  - Frontend Asset: /favicon-32x32.png: Status: 401\n  - Frontend Asset: /site.webmanifest: Status: 401\n  - Frontend-Backend Integration: Error: HTTPConnectionPool(host='localhost', port=8000): Max retries exceeded with url: / (Caused by NewConnectionError('<urllib3.connection.HTTPConnection object at 0x101ad6ac0>: Failed to establish a new connection: [Errno 61] Connection refused'))\n  - Login Page Load: Status: 401\n  - Signup Page Load: Status: 401\n  - Dashboard Page Load: Status: 401\n  - Profile Page Load: Status: 401\n  - Applications Page Load: Status: 401\n  - Admin Page Load: Status: 401\n  - Pricing Page Load: Status: 401\n  - Responsive Design: Mobile: Status: 401\n  - Responsive Design: Tablet: Status: 401\n  - Responsive Design: Desktop: Status: 401\n  - Frontend Performance: Load Time: 0.04s\n  - 404 Error Page: Status: 401\n  - Accessibility Features: Found: []...\n\n\ud83d\udcbe Results saved to: frontend_test_results_20250730_204925.json\n",
      "error": "/Users/shaheersaud/Library/Python/3.9/lib/python/site-packages/urllib3/__init__.py:35: NotOpenSSLWarning: urllib3 v2 only supports OpenSSL 1.1.1+, currently the 'ssl' module is compiled with 'LibreSSL 2.8.3'. See: https://github.com/urllib3/urllib3/issues/3020\n  warnings.warn(\n",
      "return_code": 0
    },
    {
      "test_suite": "Button and Interaction Tests",
      "success": true,
      "output": "\ud83d\ude80 Starting Button and Interaction Tests...\n============================================================\n[20:49:26] \u2705 PASS Login Button - Status: 401\n[20:49:26] \u2705 PASS Register Button - Status: 400\n[20:49:26] \u274c FAIL Logout Button - No auth token\n[20:49:26] \u274c FAIL Start Bot Button - No auth token\n[20:49:26] \u274c FAIL Stop Bot Button - No auth token\n[20:49:26] \u274c FAIL Upload Resume Button - No auth token\n[20:49:26] \u274c FAIL Save Profile Button - No auth token\n[20:49:26] \u274c FAIL Add LinkedIn Credentials Button - No auth token\n[20:49:26] \u274c FAIL Clear Activity Log Button - No auth token\n[20:49:26] \u274c FAIL AI Complete Profile Button - No auth token\n[20:49:26] \u2705 PASS Upgrade Plan Button - Status: 200\n[20:49:26] \u2705 PASS Form Validation - Invalid Email - Status: 401\n[20:49:26] \u2705 PASS Form Validation - Missing Fields - Status: 400\n[20:49:26] \u274c FAIL Button States - No auth token\n[20:49:26] \u274c FAIL Modal Interactions - No auth token\n[20:49:26] \u274c FAIL Dropdown Interactions - No auth token\n[20:49:26] \u274c FAIL Checkbox Interactions - No auth token\n[20:49:26] \u274c FAIL Text Input Interactions - No auth token\n[20:49:26] \u274c FAIL Textarea Interactions - No auth token\n[20:49:26] \u274c FAIL File Upload Interactions - No auth token\n[20:49:26] \u2705 PASS Error Handling - Empty Fields - Status: 400\n[20:49:26] \u274c FAIL Accessibility - Keyboard Navigation - Responses: [405, 405, 401]\n============================================================\n\n\ud83d\udcca BUTTON TEST SUMMARY:\nTotal Tests: 22\n\u2705 Passed: 6\n\u274c Failed: 16\nSuccess Rate: 27.3%\n\n\ud83d\udd0d FAILED TESTS:\n  - Logout Button: No auth token\n  - Start Bot Button: No auth token\n  - Stop Bot Button: No auth token\n  - Upload Resume Button: No auth token\n  - Save Profile Button: No auth token\n  - Add LinkedIn Credentials Button: No auth token\n  - Clear Activity Log Button: No auth token\n  - AI Complete Profile Button: No auth token\n  - Button States: No auth token\n  - Modal Interactions: No auth token\n  - Dropdown Interactions: No auth token\n  - Checkbox Interactions: No auth token\n  - Text Input Interactions: No auth token\n  - Textarea Interactions: No auth token\n  - File Upload Interactions: No auth token\n  - Accessibility - Keyboard Navigation: Responses: [405, 405, 401]\n\n\ud83d\udcbe Results saved to: button_test_results_20250730_204926.json\n",
      "error": "/Users/shaheersaud/Library/Python/3.9/lib/python/site-packages/urllib3/__init__.py:35: NotOpenSSLWarning: urllib3 v2 only supports OpenSSL 1.1.1+, currently the 'ssl' module is compiled with 'LibreSSL 2.8.3'. See: https://github.com/urllib3/urllib3/issues/3020\n  warnings.warn(\n",
      "return_code": 0
    }
  ]
}